  main.cpp
  Trwa generowanie kodu
  Previous IPDB not found, fall back to full compilation.
  All 17 functions were compiled because no usable IPDB/IOBJ from previous compilation was found.
  Zakończono generowanie kodu
glut32.lib(glut32.dll) : error LNK2026: moduł niebezpieczny dla obrazu SAFESEH
glut32.lib(glut32.dll) : error LNK2026: moduł niebezpieczny dla obrazu SAFESEH
glut32.lib(glut32.dll) : error LNK2026: moduł niebezpieczny dla obrazu SAFESEH
glut32.lib(glut32.dll) : error LNK2026: moduł niebezpieczny dla obrazu SAFESEH
glut32.lib(glut32.dll) : error LNK2026: moduł niebezpieczny dla obrazu SAFESEH
glut32.lib(glut32.dll) : error LNK2026: moduł niebezpieczny dla obrazu SAFESEH
glut32.lib(glut32.dll) : error LNK2026: moduł niebezpieczny dla obrazu SAFESEH
glut32.lib(glut32.dll) : error LNK2026: moduł niebezpieczny dla obrazu SAFESEH
glut32.lib(glut32.dll) : error LNK2026: moduł niebezpieczny dla obrazu SAFESEH
glut32.lib(glut32.dll) : error LNK2026: moduł niebezpieczny dla obrazu SAFESEH
glut32.lib(glut32.dll) : error LNK2026: moduł niebezpieczny dla obrazu SAFESEH
glut32.lib(glut32.dll) : error LNK2026: moduł niebezpieczny dla obrazu SAFESEH
glut32.lib(glut32.dll) : error LNK2026: moduł niebezpieczny dla obrazu SAFESEH
glut32.lib(glut32.dll) : error LNK2026: moduł niebezpieczny dla obrazu SAFESEH
glut32.lib(glut32.dll) : error LNK2026: moduł niebezpieczny dla obrazu SAFESEH
glut32.lib(glut32.dll) : error LNK2026: moduł niebezpieczny dla obrazu SAFESEH
glut32.lib(glut32.dll) : error LNK2026: moduł niebezpieczny dla obrazu SAFESEH
glut32.lib(glut32.dll) : error LNK2026: moduł niebezpieczny dla obrazu SAFESEH
glut32.lib(glut32.dll) : error LNK2026: moduł niebezpieczny dla obrazu SAFESEH
glut32.lib(glut32.dll) : error LNK2026: moduł niebezpieczny dla obrazu SAFESEH
glut32.lib(glut32.dll) : error LNK2026: moduł niebezpieczny dla obrazu SAFESEH
glut32.lib(glut32.dll) : error LNK2026: moduł niebezpieczny dla obrazu SAFESEH
glut32.lib(glut32.dll) : error LNK2026: moduł niebezpieczny dla obrazu SAFESEH
C:\Users\dorot\Desktop\nowy_projekt\NP\Release\NP.exe : fatal error LNK1281: Nie można wygenerować obrazu SAFESEH.
